Configuring asn1-encoding-0.9.5...
Building asn1-encoding-0.9.5...
Preprocessing library asn1-encoding-0.9.5...
[ 1 of 12] Compiling Data.ASN1.Stream ( Data/ASN1/Stream.hs, dist/dist-sandbox-5247172a/build/Data/ASN1/Stream.o )
[ 2 of 12] Compiling Data.ASN1.Object ( Data/ASN1/Object.hs, dist/dist-sandbox-5247172a/build/Data/ASN1/Object.o )
[ 3 of 12] Compiling Data.ASN1.Internal ( Data/ASN1/Internal.hs, dist/dist-sandbox-5247172a/build/Data/ASN1/Internal.o )
[ 4 of 12] Compiling Data.ASN1.Get    ( Data/ASN1/Get.hs, dist/dist-sandbox-5247172a/build/Data/ASN1/Get.o )
[ 5 of 12] Compiling Data.ASN1.Serialize ( Data/ASN1/Serialize.hs, dist/dist-sandbox-5247172a/build/Data/ASN1/Serialize.o )
[ 6 of 12] Compiling Data.ASN1.Error  ( Data/ASN1/Error.hs, dist/dist-sandbox-5247172a/build/Data/ASN1/Error.o )
[ 7 of 12] Compiling Data.ASN1.Prim   ( Data/ASN1/Prim.hs, dist/dist-sandbox-5247172a/build/Data/ASN1/Prim.o )

Data/ASN1/Prim.hs:59:1: warning: [-Wunused-imports]
    The import of ‘Control.Applicative’ is redundant
      except perhaps to import instances from ‘Control.Applicative’
    To import instances alone, use: import Control.Applicative()
[ 8 of 12] Compiling Data.ASN1.Encoding ( Data/ASN1/Encoding.hs, dist/dist-sandbox-5247172a/build/Data/ASN1/Encoding.o )
[ 9 of 12] Compiling Data.ASN1.BinaryEncoding.Writer ( Data/ASN1/BinaryEncoding/Writer.hs, dist/dist-sandbox-5247172a/build/Data/ASN1/BinaryEncoding/Writer.o )
[10 of 12] Compiling Data.ASN1.BinaryEncoding.Parse ( Data/ASN1/BinaryEncoding/Parse.hs, dist/dist-sandbox-5247172a/build/Data/ASN1/BinaryEncoding/Parse.o )
[11 of 12] Compiling Data.ASN1.BinaryEncoding.Raw ( Data/ASN1/BinaryEncoding/Raw.hs, dist/dist-sandbox-5247172a/build/Data/ASN1/BinaryEncoding/Raw.o )
[12 of 12] Compiling Data.ASN1.BinaryEncoding ( Data/ASN1/BinaryEncoding.hs, dist/dist-sandbox-5247172a/build/Data/ASN1/BinaryEncoding.o )
Creating package registration file:
/tmp/pkgConf-asn1-encoding-0.92557895281266235189.5
Installing library in
/home/yggdralisk/Desktop/100DaysOfCode/Haskell/MangaScrapper/.cabal-sandbox/lib/x86_64-linux-ghc-8.0.2/asn1-encoding-0.9.5-C1Z6qquuflEGuSEb7D09F4
Registering asn1-encoding-0.9.5...
