Configuring authenticate-oauth-1.6...
Building authenticate-oauth-1.6...
Preprocessing library authenticate-oauth-1.6...
[1 of 2] Compiling Web.Authenticate.OAuth ( Web/Authenticate/OAuth.hs, dist/dist-sandbox-5247172a/build/Web/Authenticate/OAuth.o )

Web/Authenticate/OAuth.hs:399:24: warning: [-Wdeprecations]
    In the use of ‘parseUrl’
    (imported from Network.HTTP.Client, but defined in http-client-0.5.8:Network.HTTP.Client.Request):
    Deprecated: "Please use parseUrlThrow, parseRequest, or parseRequest_ instead"

Web/Authenticate/OAuth.hs:486:34: warning: [-Wdeprecations]
    In the use of ‘parseUrl’
    (imported from Network.HTTP.Client, but defined in http-client-0.5.8:Network.HTTP.Client.Request):
    Deprecated: "Please use parseUrlThrow, parseRequest, or parseRequest_ instead"
[2 of 2] Compiling Web.Authenticate.OAuth.IO ( Web/Authenticate/OAuth/IO.hs, dist/dist-sandbox-5247172a/build/Web/Authenticate/OAuth/IO.o )

Web/Authenticate/OAuth/IO.hs:35:35: warning: [-Wdeprecations]
    In the use of ‘withManager’
    (imported from Network.HTTP.Client, but defined in http-client-0.5.8:Network.HTTP.Client.Manager):
    Deprecated: "Use newManager instead"

Web/Authenticate/OAuth/IO.hs:43:12: warning: [-Wdeprecations]
    In the use of ‘withManager’
    (imported from Network.HTTP.Client, but defined in http-client-0.5.8:Network.HTTP.Client.Manager):
    Deprecated: "Use newManager instead"

Web/Authenticate/OAuth/IO.hs:51:45: warning: [-Wdeprecations]
    In the use of ‘withManager’
    (imported from Network.HTTP.Client, but defined in http-client-0.5.8:Network.HTTP.Client.Manager):
    Deprecated: "Use newManager instead"

Web/Authenticate/OAuth/IO.hs:57:44: warning: [-Wdeprecations]
    In the use of ‘withManager’
    (imported from Network.HTTP.Client, but defined in http-client-0.5.8:Network.HTTP.Client.Manager):
    Deprecated: "Use newManager instead"

Web/Authenticate/OAuth/IO.hs:66:33: warning: [-Wdeprecations]
    In the use of ‘withManager’
    (imported from Network.HTTP.Client, but defined in http-client-0.5.8:Network.HTTP.Client.Manager):
    Deprecated: "Use newManager instead"

Web/Authenticate/OAuth/IO.hs:75:40: warning: [-Wdeprecations]
    In the use of ‘withManager’
    (imported from Network.HTTP.Client, but defined in http-client-0.5.8:Network.HTTP.Client.Manager):
    Deprecated: "Use newManager instead"

Web/Authenticate/OAuth/IO.hs:82:39: warning: [-Wdeprecations]
    In the use of ‘withManager’
    (imported from Network.HTTP.Client, but defined in http-client-0.5.8:Network.HTTP.Client.Manager):
    Deprecated: "Use newManager instead"
Creating package registration file:
/tmp/pkgConf-authenticate-oauth-15593010391395132002.6
Installing library in
/home/yggdralisk/Desktop/100DaysOfCode/Haskell/MangaScrapper/.cabal-sandbox/lib/x86_64-linux-ghc-8.0.2/authenticate-oauth-1.6-C3g3JYdHBQV063kGxMfZsx
Registering authenticate-oauth-1.6...
