Configuring basement-0.0.5...
Building basement-0.0.5...
Preprocessing library basement-0.0.5...
[ 1 of 81] Compiling Basement.Numerical.Conversion ( Basement/Numerical/Conversion.hs, dist/dist-sandbox-5247172a/build/Basement/Numerical/Conversion.o )
[ 2 of 81] Compiling Basement.Compat.Typeable ( Basement/Compat/Typeable.hs, dist/dist-sandbox-5247172a/build/Basement/Compat/Typeable.o )
[ 3 of 81] Compiling Basement.Compat.Semigroup ( Basement/Compat/Semigroup.hs, dist/dist-sandbox-5247172a/build/Basement/Compat/Semigroup.o )
[ 4 of 81] Compiling Basement.Compat.PrimTypes ( Basement/Compat/PrimTypes.hs, dist/dist-sandbox-5247172a/build/Basement/Compat/PrimTypes.o )
[ 5 of 81] Compiling Basement.Compat.Primitive ( Basement/Compat/Primitive.hs, dist/dist-sandbox-5247172a/build/Basement/Compat/Primitive.o )
[ 6 of 81] Compiling Basement.Compat.Natural ( Basement/Compat/Natural.hs, dist/dist-sandbox-5247172a/build/Basement/Compat/Natural.o )
[ 7 of 81] Compiling Basement.Compat.IsList ( Basement/Compat/IsList.hs, dist/dist-sandbox-5247172a/build/Basement/Compat/IsList.o )
[ 8 of 81] Compiling Basement.Compat.Identity ( Basement/Compat/Identity.hs, dist/dist-sandbox-5247172a/build/Basement/Compat/Identity.o )
[ 9 of 81] Compiling Basement.Compat.CallStack ( Basement/Compat/CallStack.hs, dist/dist-sandbox-5247172a/build/Basement/Compat/CallStack.o )
[10 of 81] Compiling Basement.Compat.C.Types ( Basement/Compat/C/Types.hs, dist/dist-sandbox-5247172a/build/Basement/Compat/C/Types.o )
[11 of 81] Compiling Basement.Compat.NumLiteral ( Basement/Compat/NumLiteral.hs, dist/dist-sandbox-5247172a/build/Basement/Compat/NumLiteral.o )
[12 of 81] Compiling Basement.Compat.Bifunctor ( Basement/Compat/Bifunctor.hs, dist/dist-sandbox-5247172a/build/Basement/Compat/Bifunctor.o )
[13 of 81] Compiling Basement.Compat.Base ( Basement/Compat/Base.hs, dist/dist-sandbox-5247172a/build/Basement/Compat/Base.o )
[14 of 81] Compiling Basement.Compat.MonadTrans ( Basement/Compat/MonadTrans.hs, dist/dist-sandbox-5247172a/build/Basement/Compat/MonadTrans.o )
[15 of 81] Compiling Basement.Endianness ( Basement/Endianness.hs, dist/dist-sandbox-5247172a/build/Basement/Endianness.o )
[16 of 81] Compiling Basement.Floating ( Basement/Floating.hs, dist/dist-sandbox-5247172a/build/Basement/Floating.o )
[17 of 81] Compiling Basement.Monad   ( Basement/Monad.hs, dist/dist-sandbox-5247172a/build/Basement/Monad.o )
[18 of 81] Compiling Basement.FinalPtr ( Basement/FinalPtr.hs, dist/dist-sandbox-5247172a/build/Basement/FinalPtr.o )
[19 of 81] Compiling Basement.Numerical.Number ( Basement/Numerical/Number.hs, dist/dist-sandbox-5247172a/build/Basement/Numerical/Number.o )
[20 of 81] Compiling Basement.IntegralConv ( Basement/IntegralConv.hs, dist/dist-sandbox-5247172a/build/Basement/IntegralConv.o )
[21 of 81] Compiling Basement.Types.Char7 ( Basement/Types/Char7.hs, dist/dist-sandbox-5247172a/build/Basement/Types/Char7.o )
[22 of 81] Compiling Basement.Types.Word128 ( Basement/Types/Word128.hs, dist/dist-sandbox-5247172a/build/Basement/Types/Word128.o )
[23 of 81] Compiling Basement.Types.Word256 ( Basement/Types/Word256.hs, dist/dist-sandbox-5247172a/build/Basement/Types/Word256.o )
[24 of 81] Compiling Basement.Nat     ( Basement/Nat.hs, dist/dist-sandbox-5247172a/build/Basement/Nat.o )
[25 of 81] Compiling Basement.UTF8.Table ( Basement/UTF8/Table.hs, dist/dist-sandbox-5247172a/build/Basement/UTF8/Table.o )
[26 of 81] Compiling Basement.Bounded ( Basement/Bounded.hs, dist/dist-sandbox-5247172a/build/Basement/Bounded.o )
[27 of 81] Compiling Basement.Numerical.Additive ( Basement/Numerical/Additive.hs, dist/dist-sandbox-5247172a/build/Basement/Numerical/Additive.o )
[28 of 81] Compiling Basement.Numerical.Multiplicative ( Basement/Numerical/Multiplicative.hs, dist/dist-sandbox-5247172a/build/Basement/Numerical/Multiplicative.o )
[29 of 81] Compiling Basement.Numerical.Subtractive ( Basement/Numerical/Subtractive.hs, dist/dist-sandbox-5247172a/build/Basement/Numerical/Subtractive.o )
[30 of 81] Compiling Basement.Types.OffsetSize ( Basement/Types/OffsetSize.hs, dist/dist-sandbox-5247172a/build/Basement/Types/OffsetSize.o )
[31 of 81] Compiling Basement.Compat.ExtList ( Basement/Compat/ExtList.hs, dist/dist-sandbox-5247172a/build/Basement/Compat/ExtList.o )
[32 of 81] Compiling Basement.Exception ( Basement/Exception.hs, dist/dist-sandbox-5247172a/build/Basement/Exception.o )
[33 of 81] Compiling Basement.NonEmpty ( Basement/NonEmpty.hs, dist/dist-sandbox-5247172a/build/Basement/NonEmpty.o )
[34 of 81] Compiling Basement.MutableBuilder ( Basement/MutableBuilder.hs, dist/dist-sandbox-5247172a/build/Basement/MutableBuilder.o )
[35 of 81] Compiling Basement.NormalForm ( Basement/NormalForm.hs, dist/dist-sandbox-5247172a/build/Basement/NormalForm.o )
[36 of 81] Compiling Basement.These   ( Basement/These.hs, dist/dist-sandbox-5247172a/build/Basement/These.o )
[37 of 81] Compiling Basement.PrimType ( Basement/PrimType.hs, dist/dist-sandbox-5247172a/build/Basement/PrimType.o )
[38 of 81] Compiling Basement.Runtime ( Basement/Runtime.hs, dist/dist-sandbox-5247172a/build/Basement/Runtime.o )
[39 of 81] Compiling Basement.Sized.List ( Basement/Sized/List.hs, dist/dist-sandbox-5247172a/build/Basement/Sized/List.o )
[40 of 81] Compiling Basement.Terminal.Size ( dist/dist-sandbox-5247172a/build/Basement/Terminal/Size.hs, dist/dist-sandbox-5247172a/build/Basement/Terminal/Size.o )
[41 of 81] Compiling Basement.Terminal ( Basement/Terminal.hs, dist/dist-sandbox-5247172a/build/Basement/Terminal.o )
[42 of 81] Compiling Basement.Types.Ptr ( Basement/Types/Ptr.hs, dist/dist-sandbox-5247172a/build/Basement/Types/Ptr.o )
[43 of 81] Compiling Basement.UTF8.Helper ( Basement/UTF8/Helper.hs, dist/dist-sandbox-5247172a/build/Basement/UTF8/Helper.o )
[44 of 81] Compiling Basement.UTF8.Types ( Basement/UTF8/Types.hs, dist/dist-sandbox-5247172a/build/Basement/UTF8/Types.o )
[45 of 81] Compiling Basement.Bindings.Memory ( Basement/Bindings/Memory.hs, dist/dist-sandbox-5247172a/build/Basement/Bindings/Memory.o )
[46 of 81] Compiling Basement.Block.Base ( Basement/Block/Base.hs, dist/dist-sandbox-5247172a/build/Basement/Block/Base.o )
[47 of 81] Compiling Basement.Block.Mutable ( Basement/Block/Mutable.hs, dist/dist-sandbox-5247172a/build/Basement/Block/Mutable.o )
[48 of 81] Compiling Basement.Base16  ( Basement/Base16.hs, dist/dist-sandbox-5247172a/build/Basement/Base16.o )
[49 of 81] Compiling Basement.Alg.XorShift ( Basement/Alg/XorShift.hs, dist/dist-sandbox-5247172a/build/Basement/Alg/XorShift.o )
[50 of 81] Compiling Basement.Alg.Native.Prim ( Basement/Alg/Native/Prim.hs, dist/dist-sandbox-5247172a/build/Basement/Alg/Native/Prim.o )
[51 of 81] Compiling Basement.Alg.Native.UTF8 ( Basement/Alg/Native/UTF8.hs, dist/dist-sandbox-5247172a/build/Basement/Alg/Native/UTF8.o )
[52 of 81] Compiling Basement.Alg.Native.String ( Basement/Alg/Native/String.hs, dist/dist-sandbox-5247172a/build/Basement/Alg/Native/String.o )
[53 of 81] Compiling Basement.Alg.Foreign.Prim ( Basement/Alg/Foreign/Prim.hs, dist/dist-sandbox-5247172a/build/Basement/Alg/Foreign/Prim.o )
[54 of 81] Compiling Basement.Alg.Foreign.UTF8 ( Basement/Alg/Foreign/UTF8.hs, dist/dist-sandbox-5247172a/build/Basement/Alg/Foreign/UTF8.o )
[55 of 81] Compiling Basement.Alg.Foreign.String ( Basement/Alg/Foreign/String.hs, dist/dist-sandbox-5247172a/build/Basement/Alg/Foreign/String.o )
[56 of 81] Compiling Basement.Alg.Class ( Basement/Alg/Class.hs, dist/dist-sandbox-5247172a/build/Basement/Alg/Class.o )
[57 of 81] Compiling Basement.Alg.Mutable ( Basement/Alg/Mutable.hs, dist/dist-sandbox-5247172a/build/Basement/Alg/Mutable.o )
[58 of 81] Compiling Basement.Alg.PrimArray ( Basement/Alg/PrimArray.hs, dist/dist-sandbox-5247172a/build/Basement/Alg/PrimArray.o )
[59 of 81] Compiling Basement.Block   ( Basement/Block.hs, dist/dist-sandbox-5247172a/build/Basement/Block.o )
[60 of 81] Compiling Basement.Sized.Block ( Basement/Sized/Block.hs, dist/dist-sandbox-5247172a/build/Basement/Sized/Block.o )
[61 of 81] Compiling Basement.BlockN  ( Basement/BlockN.hs, dist/dist-sandbox-5247172a/build/Basement/BlockN.o )
[62 of 81] Compiling Basement.UArray.Base ( Basement/UArray/Base.hs, dist/dist-sandbox-5247172a/build/Basement/UArray/Base.o )
[63 of 81] Compiling Basement.BoxedArray ( Basement/BoxedArray.hs, dist/dist-sandbox-5247172a/build/Basement/BoxedArray.o )
[64 of 81] Compiling Basement.Sized.Vect ( Basement/Sized/Vect.hs, dist/dist-sandbox-5247172a/build/Basement/Sized/Vect.o )
[65 of 81] Compiling Basement.UArray.Mutable ( Basement/UArray/Mutable.hs, dist/dist-sandbox-5247172a/build/Basement/UArray/Mutable.o )
[66 of 81] Compiling Basement.UArray  ( Basement/UArray.hs, dist/dist-sandbox-5247172a/build/Basement/UArray.o )
[67 of 81] Compiling Basement.Sized.UVect ( Basement/Sized/UVect.hs, dist/dist-sandbox-5247172a/build/Basement/Sized/UVect.o )
[68 of 81] Compiling Basement.String.Encoding.Encoding ( Basement/String/Encoding/Encoding.hs, dist/dist-sandbox-5247172a/build/Basement/String/Encoding/Encoding.o )
[69 of 81] Compiling Basement.String.Encoding.ASCII7 ( Basement/String/Encoding/ASCII7.hs, dist/dist-sandbox-5247172a/build/Basement/String/Encoding/ASCII7.o )
[70 of 81] Compiling Basement.String.Encoding.ISO_8859_1 ( Basement/String/Encoding/ISO_8859_1.hs, dist/dist-sandbox-5247172a/build/Basement/String/Encoding/ISO_8859_1.o )
[71 of 81] Compiling Basement.String.Encoding.UTF16 ( Basement/String/Encoding/UTF16.hs, dist/dist-sandbox-5247172a/build/Basement/String/Encoding/UTF16.o )
[72 of 81] Compiling Basement.String.Encoding.UTF32 ( Basement/String/Encoding/UTF32.hs, dist/dist-sandbox-5247172a/build/Basement/String/Encoding/UTF32.o )
[73 of 81] Compiling Basement.Types.AsciiString ( Basement/Types/AsciiString.hs, dist/dist-sandbox-5247172a/build/Basement/Types/AsciiString.o )
[74 of 81] Compiling Basement.UTF8.Base ( Basement/UTF8/Base.hs, dist/dist-sandbox-5247172a/build/Basement/UTF8/Base.o )
[75 of 81] Compiling Basement.Environment ( Basement/Environment.hs, dist/dist-sandbox-5247172a/build/Basement/Environment.o )
[76 of 81] Compiling Basement.Error   ( Basement/Error.hs, dist/dist-sandbox-5247172a/build/Basement/Error.o )
[77 of 81] Compiling Basement.Show    ( Basement/Show.hs, dist/dist-sandbox-5247172a/build/Basement/Show.o )
[78 of 81] Compiling Basement.Imports ( Basement/Imports.hs, dist/dist-sandbox-5247172a/build/Basement/Imports.o )
[79 of 81] Compiling Basement.String  ( Basement/String.hs, dist/dist-sandbox-5247172a/build/Basement/String.o )
[80 of 81] Compiling Basement.From    ( Basement/From.hs, dist/dist-sandbox-5247172a/build/Basement/From.o )
[81 of 81] Compiling Basement.Terminal.ANSI ( Basement/Terminal/ANSI.hs, dist/dist-sandbox-5247172a/build/Basement/Terminal/ANSI.o )
Creating package registration file:
/tmp/pkgConf-basement-0.014321146131067854538.5
Installing library in
/home/yggdralisk/Desktop/100DaysOfCode/Haskell/MangaScrapper/.cabal-sandbox/lib/x86_64-linux-ghc-8.0.2/basement-0.0.5-GB9Rprt8ZIW7Njp9srdVdW
Registering basement-0.0.5...
