Configuring easy-file-0.2.1...
Building easy-file-0.2.1...
Preprocessing library easy-file-0.2.1...
[1 of 4] Compiling System.EasyFile.Missing ( System/EasyFile/Missing.hs, dist/dist-sandbox-5247172a/build/System/EasyFile/Missing.o )

System/EasyFile/Missing.hs:7:1: warning: [-Wunused-imports]
    The import of ‘Control.Applicative’ is redundant
      except perhaps to import instances from ‘Control.Applicative’
    To import instances alone, use: import Control.Applicative()
[2 of 4] Compiling System.EasyFile.FilePath ( System/EasyFile/FilePath.hs, dist/dist-sandbox-5247172a/build/System/EasyFile/FilePath.o )
[3 of 4] Compiling System.EasyFile.Directory ( System/EasyFile/Directory.hs, dist/dist-sandbox-5247172a/build/System/EasyFile/Directory.o )

System/EasyFile/Directory.hs:37:1: warning: [-Wunused-imports]
    The import of ‘Control.Applicative’ is redundant
      except perhaps to import instances from ‘Control.Applicative’
    To import instances alone, use: import Control.Applicative()
[4 of 4] Compiling System.EasyFile  ( System/EasyFile.hs, dist/dist-sandbox-5247172a/build/System/EasyFile.o )
Creating package registration file:
/tmp/pkgConf-easy-file-0.23170974671892066601.1
Installing library in
/home/yggdralisk/Desktop/100DaysOfCode/Haskell/MangaScrapper/.cabal-sandbox/lib/x86_64-linux-ghc-8.0.2/easy-file-0.2.1-IT1UiV81qFWHWaoVTdBP4N
Registering easy-file-0.2.1...
