Configuring http-client-0.5.8...
Building http-client-0.5.8...
Preprocessing library http-client-0.5.8...
[ 1 of 19] Compiling Network.PublicSuffixList.Types ( publicsuffixlist/Network/PublicSuffixList/Types.hs, dist/dist-sandbox-5247172a/build/Network/PublicSuffixList/Types.o )
[ 2 of 19] Compiling Network.PublicSuffixList.Serialize ( publicsuffixlist/Network/PublicSuffixList/Serialize.hs, dist/dist-sandbox-5247172a/build/Network/PublicSuffixList/Serialize.o )
[ 3 of 19] Compiling Network.PublicSuffixList.DataStructure ( publicsuffixlist/Network/PublicSuffixList/DataStructure.hs, dist/dist-sandbox-5247172a/build/Network/PublicSuffixList/DataStructure.o )
[ 4 of 19] Compiling Network.PublicSuffixList.Lookup ( publicsuffixlist/Network/PublicSuffixList/Lookup.hs, dist/dist-sandbox-5247172a/build/Network/PublicSuffixList/Lookup.o )
[ 5 of 19] Compiling Network.HTTP.Client.Util ( Network/HTTP/Client/Util.hs, dist/dist-sandbox-5247172a/build/Network/HTTP/Client/Util.o )
[ 6 of 19] Compiling Data.KeyedPool   ( Data/KeyedPool.hs, dist/dist-sandbox-5247172a/build/Data/KeyedPool.o )
[ 7 of 19] Compiling Network.HTTP.Client.Types ( Network/HTTP/Client/Types.hs, dist/dist-sandbox-5247172a/build/Network/HTTP/Client/Types.o )
[ 8 of 19] Compiling Network.HTTP.Client.Connection ( Network/HTTP/Client/Connection.hs, dist/dist-sandbox-5247172a/build/Network/HTTP/Client/Connection.o )
[ 9 of 19] Compiling Network.HTTP.Client.Body ( Network/HTTP/Client/Body.hs, dist/dist-sandbox-5247172a/build/Network/HTTP/Client/Body.o )
[10 of 19] Compiling Network.HTTP.Client.Cookies ( Network/HTTP/Client/Cookies.hs, dist/dist-sandbox-5247172a/build/Network/HTTP/Client/Cookies.o )
[11 of 19] Compiling Network.HTTP.Client.Headers ( Network/HTTP/Client/Headers.hs, dist/dist-sandbox-5247172a/build/Network/HTTP/Client/Headers.o )
[12 of 19] Compiling Network.HTTP.Client.Request ( Network/HTTP/Client/Request.hs, dist/dist-sandbox-5247172a/build/Network/HTTP/Client/Request.o )
[13 of 19] Compiling Network.HTTP.Client.Response ( Network/HTTP/Client/Response.hs, dist/dist-sandbox-5247172a/build/Network/HTTP/Client/Response.o )
[14 of 19] Compiling Network.HTTP.Proxy ( Network/HTTP/Proxy.hs, dist/dist-sandbox-5247172a/build/Network/HTTP/Proxy.o )
[15 of 19] Compiling Network.HTTP.Client.Manager ( Network/HTTP/Client/Manager.hs, dist/dist-sandbox-5247172a/build/Network/HTTP/Client/Manager.o )
[16 of 19] Compiling Network.HTTP.Client.Core ( Network/HTTP/Client/Core.hs, dist/dist-sandbox-5247172a/build/Network/HTTP/Client/Core.o )
[17 of 19] Compiling Network.HTTP.Client ( Network/HTTP/Client.hs, dist/dist-sandbox-5247172a/build/Network/HTTP/Client.o )
[18 of 19] Compiling Network.HTTP.Client.MultipartFormData ( Network/HTTP/Client/MultipartFormData.hs, dist/dist-sandbox-5247172a/build/Network/HTTP/Client/MultipartFormData.o )
[19 of 19] Compiling Network.HTTP.Client.Internal ( Network/HTTP/Client/Internal.hs, dist/dist-sandbox-5247172a/build/Network/HTTP/Client/Internal.o )
Creating package registration file:
/tmp/pkgConf-http-client-0.51307565984555996658.8
Installing library in
/home/yggdralisk/Desktop/100DaysOfCode/Haskell/MangaScrapper/.cabal-sandbox/lib/x86_64-linux-ghc-8.0.2/http-client-0.5.8-AfPdMt4wqIRDappQN5G1DO
Registering http-client-0.5.8...
