Configuring resourcet-1.1.11...
Building resourcet-1.1.11...
Preprocessing library resourcet-1.1.11...
[1 of 5] Compiling Data.Acquire.Internal ( Data/Acquire/Internal.hs, dist/dist-sandbox-5247172a/build/Data/Acquire/Internal.o )
[2 of 5] Compiling Control.Monad.Trans.Resource.Internal ( Control/Monad/Trans/Resource/Internal.hs, dist/dist-sandbox-5247172a/build/Control/Monad/Trans/Resource/Internal.o )

Control/Monad/Trans/Resource/Internal.hs:53:1: warning: [-Wdeprecations]
    Module ‘Control.Monad.Trans.Error’ is deprecated:
      Use Control.Monad.Trans.Except instead

Control/Monad/Trans/Resource/Internal.hs:80:1: warning: [-Wdodgy-imports]
    Module ‘Prelude’ does not export ‘catch’

Control/Monad/Trans/Resource/Internal.hs:306:11: warning: [-Wdeprecations]
    In the use of type constructor or class ‘Error’
    (imported from Control.Monad.Trans.Error):
    Deprecated: "Use Control.Monad.Trans.Except instead"

Control/Monad/Trans/Resource/Internal.hs:306:56: warning: [-Wdeprecations]
    In the use of type constructor or class ‘ErrorT’
    (imported from Control.Monad.Trans.Error):
    Deprecated: "Use Control.Monad.Trans.Except instead"
[3 of 5] Compiling Control.Monad.Trans.Resource ( Control/Monad/Trans/Resource.hs, dist/dist-sandbox-5247172a/build/Control/Monad/Trans/Resource.o )

Control/Monad/Trans/Resource.hs:58:7: warning: [-Wdodgy-exports]
    The export item ‘ExceptionT(..)’ suggests that
    ‘ExceptionT’ has (in-scope) constructors or class methods,
    but it has none

Control/Monad/Trans/Resource.hs:68:1: warning: [-Wunused-imports]
    The import of ‘throw’ from module ‘Control.Exception’ is redundant

Control/Monad/Trans/Resource.hs:77:1: warning: [-Wunused-imports]
    The import of ‘Data.Monoid’ is redundant
      except perhaps to import instances from ‘Data.Monoid’
    To import instances alone, use: import Data.Monoid()

Control/Monad/Trans/Resource.hs:230:1: warning: [-Wunused-top-binds]
    Defined but not used: ‘finally’
[4 of 5] Compiling Data.Acquire     ( Data/Acquire.hs, dist/dist-sandbox-5247172a/build/Data/Acquire.o )

Data/Acquire.hs:72:1: warning: [-Wunused-imports]
    The import of ‘Control.Monad.Trans.Resource’ is redundant
      except perhaps to import instances from ‘Control.Monad.Trans.Resource’
    To import instances alone, use: import Control.Monad.Trans.Resource()

Data/Acquire.hs:74:1: warning: [-Wunused-imports]
    The import of ‘Control.Applicative’ is redundant
      except perhaps to import instances from ‘Control.Applicative’
    To import instances alone, use: import Control.Applicative()

Data/Acquire.hs:75:1: warning: [-Wunused-imports]
    The import of ‘Control.Monad.Base’ is redundant
      except perhaps to import instances from ‘Control.Monad.Base’
    To import instances alone, use: import Control.Monad.Base()

Data/Acquire.hs:77:1: warning: [-Wunused-imports]
    The import of ‘Control.Monad.Trans.Control’ is redundant
      except perhaps to import instances from ‘Control.Monad.Trans.Control’
    To import instances alone, use: import Control.Monad.Trans.Control()

Data/Acquire.hs:79:1: warning: [-Wunused-imports]
    The import of ‘Data.Typeable’ is redundant
      except perhaps to import instances from ‘Data.Typeable’
    To import instances alone, use: import Data.Typeable()

Data/Acquire.hs:80:1: warning: [-Wunused-imports]
    The import of ‘Control.Monad’ is redundant
      except perhaps to import instances from ‘Control.Monad’
    To import instances alone, use: import Control.Monad()
[5 of 5] Compiling UnliftIO.Resource ( UnliftIO/Resource.hs, dist/dist-sandbox-5247172a/build/UnliftIO/Resource.o )
Creating package registration file:
/tmp/pkgConf-resourcet-1.112384334521273911899.11
Installing library in
/home/yggdralisk/Desktop/100DaysOfCode/Haskell/MangaScrapper/.cabal-sandbox/lib/x86_64-linux-ghc-8.0.2/resourcet-1.1.11-EyePGclwGBN8lTqIOxVu1g
Registering resourcet-1.1.11...
