[1 of 1] Compiling Main             ( /tmp/cabal-tmp-1485/servant-server-0.12/dist/dist-sandbox-5247172a/setup/setup.hs, /tmp/cabal-tmp-1485/servant-server-0.12/dist/dist-sandbox-5247172a/setup/Main.o )
Linking /tmp/cabal-tmp-1485/servant-server-0.12/dist/dist-sandbox-5247172a/setup/setup ...
Warning: servant-server.cabal: Unknown fields: build-tool-depends (line 129)
Fields allowed in this section:
type, main-is, test-module, buildable, build-tools, build-depends,
cpp-options, cc-options, ld-options, pkgconfig-depends, frameworks,
extra-framework-dirs, c-sources, js-sources, default-language,
other-languages, default-extensions, other-extensions, extensions,
extra-libraries, extra-ghci-libraries, extra-lib-dirs, includes,
install-includes, include-dirs, hs-source-dirs, other-modules,
ghc-prof-options, ghcjs-prof-options, ghc-shared-options,
ghcjs-shared-options, ghc-options, ghcjs-options, jhc-options,
hugs-options, nhc98-options
Configuring servant-server-0.12...
Building servant-server-0.12...
Preprocessing library servant-server-0.12...
[ 1 of 11] Compiling Servant.Server.Internal.ServantErr ( src/Servant/Server/Internal/ServantErr.hs, dist/dist-sandbox-5247172a/build/Servant/Server/Internal/ServantErr.o )
[ 2 of 11] Compiling Servant.Server.Internal.Handler ( src/Servant/Server/Internal/Handler.hs, dist/dist-sandbox-5247172a/build/Servant/Server/Internal/Handler.o )
[ 3 of 11] Compiling Servant.Server.Internal.RoutingApplication ( src/Servant/Server/Internal/RoutingApplication.hs, dist/dist-sandbox-5247172a/build/Servant/Server/Internal/RoutingApplication.o )
[ 4 of 11] Compiling Servant.Server.Internal.Router ( src/Servant/Server/Internal/Router.hs, dist/dist-sandbox-5247172a/build/Servant/Server/Internal/Router.o )
[ 5 of 11] Compiling Servant.Server.Internal.Context ( src/Servant/Server/Internal/Context.hs, dist/dist-sandbox-5247172a/build/Servant/Server/Internal/Context.o )
[ 6 of 11] Compiling Servant.Server.Internal.BasicAuth ( src/Servant/Server/Internal/BasicAuth.hs, dist/dist-sandbox-5247172a/build/Servant/Server/Internal/BasicAuth.o )
[ 7 of 11] Compiling Servant.Server.Internal ( src/Servant/Server/Internal.hs, dist/dist-sandbox-5247172a/build/Servant/Server/Internal.o )
[ 8 of 11] Compiling Servant.Server   ( src/Servant/Server.hs, dist/dist-sandbox-5247172a/build/Servant/Server.o )
[ 9 of 11] Compiling Servant.Utils.StaticFiles ( src/Servant/Utils/StaticFiles.hs, dist/dist-sandbox-5247172a/build/Servant/Utils/StaticFiles.o )
[10 of 11] Compiling Servant          ( src/Servant.hs, dist/dist-sandbox-5247172a/build/Servant.o )
[11 of 11] Compiling Servant.Server.Experimental.Auth ( src/Servant/Server/Experimental/Auth.hs, dist/dist-sandbox-5247172a/build/Servant/Server/Experimental/Auth.o )
Preprocessing executable 'greet' for servant-server-0.12...
[1 of 1] Compiling Main             ( example/greet.hs, dist/dist-sandbox-5247172a/build/greet/greet-tmp/Main.o )
Linking dist/dist-sandbox-5247172a/build/greet/greet ...
Creating package registration file:
/tmp/pkgConf-servant-server-09957068871823089412.12
Installing library in
/home/yggdralisk/Desktop/100DaysOfCode/Haskell/MangaScrapper/.cabal-sandbox/lib/x86_64-linux-ghc-8.0.2/servant-server-0.12-IiRmXK4Z7Da6nftgUNGA6c
Installing executable(s) in
/home/yggdralisk/Desktop/100DaysOfCode/Haskell/MangaScrapper/.cabal-sandbox/bin
Registering servant-server-0.12...
