Configuring wai-websockets-3.0.1.1...
Building wai-websockets-3.0.1.1...
Preprocessing library wai-websockets-3.0.1.1...
[1 of 1] Compiling Network.Wai.Handler.WebSockets ( Network/Wai/Handler/WebSockets.hs, dist/dist-sandbox-5247172a/build/Network/Wai/Handler/WebSockets.o )
Preprocessing executable 'wai-websockets-example' for
wai-websockets-3.0.1.1...
[1 of 2] Compiling Network.Wai.Handler.WebSockets ( Network/Wai/Handler/WebSockets.hs, dist/dist-sandbox-5247172a/build/wai-websockets-example/wai-websockets-example-tmp/Network/Wai/Handler/WebSockets.o )
[2 of 2] Compiling Main             ( server.lhs, dist/dist-sandbox-5247172a/build/wai-websockets-example/wai-websockets-example-tmp/Main.o )

server.lhs:16:3: warning: [-Wunused-imports]
    The import of ‘forkIO’
    from module ‘Control.Concurrent’ is redundant

server.lhs:47:3: warning: [-Wunused-top-binds]
    Defined but not used: ‘numClients’
Linking dist/dist-sandbox-5247172a/build/wai-websockets-example/wai-websockets-example ...
Creating package registration file:
/tmp/pkgConf-wai-websockets-3.0.114693480941956297539.1
Installing library in
/home/yggdralisk/Desktop/100DaysOfCode/Haskell/MangaScrapper/.cabal-sandbox/lib/x86_64-linux-ghc-8.0.2/wai-websockets-3.0.1.1-7HEDaQ41H8f9colvnuNmYm
Installing executable(s) in
/home/yggdralisk/Desktop/100DaysOfCode/Haskell/MangaScrapper/.cabal-sandbox/bin
Registering wai-websockets-3.0.1.1...
