Configuring websockets-0.12.3.1...
Building websockets-0.12.3.1...
Preprocessing library websockets-0.12.3.1...
[ 1 of 16] Compiling Network.WebSockets.Hybi13.Mask ( src/Network/WebSockets/Hybi13/Mask.hs, dist/dist-sandbox-5247172a/build/Network/WebSockets/Hybi13/Mask.o )
[ 2 of 16] Compiling Network.WebSockets.Extensions.Description ( src/Network/WebSockets/Extensions/Description.hs, dist/dist-sandbox-5247172a/build/Network/WebSockets/Extensions/Description.o )
[ 3 of 16] Compiling Network.WebSockets.Http ( src/Network/WebSockets/Http.hs, dist/dist-sandbox-5247172a/build/Network/WebSockets/Http.o )
[ 4 of 16] Compiling Network.WebSockets.Types ( src/Network/WebSockets/Types.hs, dist/dist-sandbox-5247172a/build/Network/WebSockets/Types.o )
[ 5 of 16] Compiling Network.WebSockets.Stream ( src/Network/WebSockets/Stream.hs, dist/dist-sandbox-5247172a/build/Network/WebSockets/Stream.o )
[ 6 of 16] Compiling Network.WebSockets.Extensions ( src/Network/WebSockets/Extensions.hs, dist/dist-sandbox-5247172a/build/Network/WebSockets/Extensions.o )
[ 7 of 16] Compiling Network.WebSockets.Extensions.StrictUnicode ( src/Network/WebSockets/Extensions/StrictUnicode.hs, dist/dist-sandbox-5247172a/build/Network/WebSockets/Extensions/StrictUnicode.o )
[ 8 of 16] Compiling Network.WebSockets.Connection.Options ( src/Network/WebSockets/Connection/Options.hs, dist/dist-sandbox-5247172a/build/Network/WebSockets/Connection/Options.o )
[ 9 of 16] Compiling Network.WebSockets.Extensions.PermessageDeflate ( src/Network/WebSockets/Extensions/PermessageDeflate.hs, dist/dist-sandbox-5247172a/build/Network/WebSockets/Extensions/PermessageDeflate.o )
[10 of 16] Compiling Network.WebSockets.Hybi13.Demultiplex ( src/Network/WebSockets/Hybi13/Demultiplex.hs, dist/dist-sandbox-5247172a/build/Network/WebSockets/Hybi13/Demultiplex.o )
[11 of 16] Compiling Network.WebSockets.Hybi13 ( src/Network/WebSockets/Hybi13.hs, dist/dist-sandbox-5247172a/build/Network/WebSockets/Hybi13.o )
[12 of 16] Compiling Network.WebSockets.Protocol ( src/Network/WebSockets/Protocol.hs, dist/dist-sandbox-5247172a/build/Network/WebSockets/Protocol.o )
[13 of 16] Compiling Network.WebSockets.Connection ( src/Network/WebSockets/Connection.hs, dist/dist-sandbox-5247172a/build/Network/WebSockets/Connection.o )
[14 of 16] Compiling Network.WebSockets.Server ( src/Network/WebSockets/Server.hs, dist/dist-sandbox-5247172a/build/Network/WebSockets/Server.o )
[15 of 16] Compiling Network.WebSockets.Client ( src/Network/WebSockets/Client.hs, dist/dist-sandbox-5247172a/build/Network/WebSockets/Client.o )
[16 of 16] Compiling Network.WebSockets ( src/Network/WebSockets.hs, dist/dist-sandbox-5247172a/build/Network/WebSockets.o )
Creating package registration file:
/tmp/pkgConf-websockets-0.12.31477171087356426808.1
Installing library in
/home/yggdralisk/Desktop/100DaysOfCode/Haskell/MangaScrapper/.cabal-sandbox/lib/x86_64-linux-ghc-8.0.2/websockets-0.12.3.1-6ujQx2ZezDs1dmXtnKCRzn
Registering websockets-0.12.3.1...
